{"/Users/luisreyes/Documents/GitHub/cunkyDiscordBot/app/src/commands/util.ts": {"path":"/Users/luisreyes/Documents/GitHub/cunkyDiscordBot/app/src/commands/util.ts","all":false,"statementMap":{"0":{"start":{"line":1,"column":0},"end":{"line":1,"column":49}},"1":{"start":{"line":2,"column":0},"end":{"line":2,"column":53}},"2":{"start":{"line":3,"column":0},"end":{"line":3,"column":0}},"3":{"start":{"line":4,"column":0},"end":{"line":4,"column":42}},"4":{"start":{"line":5,"column":0},"end":{"line":5,"column":86}},"5":{"start":{"line":6,"column":0},"end":{"line":6,"column":30}},"6":{"start":{"line":7,"column":0},"end":{"line":7,"column":36}},"7":{"start":{"line":8,"column":0},"end":{"line":8,"column":4}},"8":{"start":{"line":9,"column":0},"end":{"line":9,"column":2}},"9":{"start":{"line":10,"column":0},"end":{"line":10,"column":0}},"10":{"start":{"line":11,"column":0},"end":{"line":11,"column":29}}},"s":{"0":1,"1":1,"2":1,"3":1,"4":1,"5":1,"6":1,"7":1,"8":1,"9":1,"10":1},"branchMap":{"0":{"type":"branch","line":6,"loc":{"start":{"line":6,"column":2},"end":{"line":8,"column":3}},"locations":[{"start":{"line":6,"column":2},"end":{"line":8,"column":3}}]}},"b":{"0":[1]},"fnMap":{"0":{"name":"execute","decl":{"start":{"line":6,"column":2},"end":{"line":8,"column":3}},"loc":{"start":{"line":6,"column":2},"end":{"line":8,"column":3}},"line":6}},"f":{"0":1}}
}
